============================================================
BDEGNNv5.1: Bottleneck + Spin Dropout + Physical Features | Device: cuda
Run ID: 20260715_173951 | Git: unknown | Data: C:/Users/xushaobo/radical-synthesis-workflow/data/bde_rdf_with_multi_halo_model_2.csv.gz (md5=5b812d)
Log: c:\Users\xushaobo\radical-synthesis-workflow\bde_agent\..\training_logs\v5.1_20260715_173951.log
============================================================
SpinPretrainNN: 635,915 params (frozen)
  Loading: 0/800000 molecules...
  Loading: 5000/800000 molecules...
  Loading: 10000/800000 molecules...
  Loading: 15000/800000 molecules...
  Loading: 20000/800000 molecules...
  Loading: 25000/800000 molecules...
  Loading: 30000/800000 molecules...
  Loading: 35000/800000 molecules...
  Loading: 40000/800000 molecules...
  Loading: 45000/800000 molecules...
  Loading: 50000/800000 molecules...
  Loading: 55000/800000 molecules...
  Loading: 60000/800000 molecules...
  Loading: 65000/800000 molecules...
  Loading: 70000/800000 molecules...
  Loading: 75000/800000 molecules...
  Loading: 80000/800000 molecules...
  Loading: 85000/800000 molecules...
  Loading: 90000/800000 molecules...
  Loading: 95000/800000 molecules...
  Loading: 100000/800000 molecules...
  Loading: 105000/800000 molecules...
  Loading: 110000/800000 molecules...
  Loading: 115000/800000 molecules...
  Loading: 120000/800000 molecules...
  Loading: 125000/800000 molecules...
  Loading: 130000/800000 molecules...
  Loading: 135000/800000 molecules...
  Loading: 140000/800000 molecules...
  Loading: 145000/800000 molecules...
  Loading: 150000/800000 molecules...
  Loading: 155000/800000 molecules...
  Loading: 160000/800000 molecules...
  Loading: 165000/800000 molecules...
  Loading: 170000/800000 molecules...
  Loading: 175000/800000 molecules...
  Loading: 180000/800000 molecules...
  Loading: 185000/800000 molecules...
  Loading: 190000/800000 molecules...
  Loading: 195000/800000 molecules...
  Loading: 200000/800000 molecules...
  Loading: 205000/800000 molecules...
  Loading: 210000/800000 molecules...
  Loading: 215000/800000 molecules...
  Loading: 220000/800000 molecules...
  Loading: 225000/800000 molecules...
  Loading: 230000/800000 molecules...
  Loading: 235000/800000 molecules...
  Loading: 240000/800000 molecules...
  Loading: 245000/800000 molecules...
  Loading: 250000/800000 molecules...
  Loading: 255000/800000 molecules...
  Loading: 260000/800000 molecules...
  Loading: 265000/800000 molecules...
  Loading: 270000/800000 molecules...
  Loading: 275000/800000 molecules...
  Loading: 280000/800000 molecules...
  Loading: 285000/800000 molecules...
  Loading: 290000/800000 molecules...
  Loading: 295000/800000 molecules...
  Loading: 300000/800000 molecules...
  Loading: 305000/800000 molecules...
  Loading: 310000/800000 molecules...
  Loading: 315000/800000 molecules...
  Loading: 320000/800000 molecules...
  Loading: 325000/800000 molecules...
  Loading: 330000/800000 molecules...
  Loading: 335000/800000 molecules...
  Loading: 340000/800000 molecules...
  Loading: 345000/800000 molecules...
  Loading: 350000/800000 molecules...
  Loading: 355000/800000 molecules...
  Loading: 360000/800000 molecules...
  Loading: 365000/800000 molecules...
  Loading: 370000/800000 molecules...
  Loading: 375000/800000 molecules...
  Loading: 380000/800000 molecules...
  Loading: 385000/800000 molecules...
  Loading: 390000/800000 molecules...
  Loading: 395000/800000 molecules...
  Loading: 400000/800000 molecules...
  Loading: 405000/800000 molecules...
  Loading: 410000/800000 molecules...
  Loading: 415000/800000 molecules...
  Loading: 420000/800000 molecules...
  Loading: 425000/800000 molecules...
  Loading: 430000/800000 molecules...
  Loading: 435000/800000 molecules...
  Loading: 440000/800000 molecules...
  Loading: 445000/800000 molecules...
  Loading: 450000/800000 molecules...
  Loading: 455000/800000 molecules...
  Loading: 460000/800000 molecules...
  Loading: 465000/800000 molecules...
  Loading: 470000/800000 molecules...
  Loading: 475000/800000 molecules...
  Loading: 480000/800000 molecules...
  Loading: 485000/800000 molecules...
  Loading: 490000/800000 molecules...
  Loading: 495000/800000 molecules...
  Loading: 500000/800000 molecules...
  Loading: 505000/800000 molecules...
  Loading: 510000/800000 molecules...
  Loading: 515000/800000 molecules...
  Loading: 520000/800000 molecules...
  Loading: 525000/800000 molecules...
  Loading: 530000/800000 molecules...
  Loading: 535000/800000 molecules...
  Loading: 540000/800000 molecules...
  Loading: 545000/800000 molecules...
  Loading: 550000/800000 molecules...
  Loading: 555000/800000 molecules...
  Loading: 560000/800000 molecules...
  Loading: 565000/800000 molecules...
  Loading: 570000/800000 molecules...
  Loading: 575000/800000 molecules...
  Loading: 580000/800000 molecules...
  Loading: 585000/800000 molecules...
  Loading: 590000/800000 molecules...
  Loading: 595000/800000 molecules...
  Loading: 600000/800000 molecules...
  Loading: 605000/800000 molecules...
  Loading: 610000/800000 molecules...
  Loading: 615000/800000 molecules...
  Loading: 620000/800000 molecules...
  Loading: 625000/800000 molecules...
  Loading: 630000/800000 molecules...
  Loading: 635000/800000 molecules...
  Loading: 640000/800000 molecules...
  Loading: 645000/800000 molecules...
  Loading: 650000/800000 molecules...
  Loading: 655000/800000 molecules...
  Loading: 660000/800000 molecules...
  Loading: 665000/800000 molecules...
  Loading: 670000/800000 molecules...
  Loading: 675000/800000 molecules...
  Loading: 680000/800000 molecules...
  Loading: 685000/800000 molecules...
  Loading: 690000/800000 molecules...
  Loading: 695000/800000 molecules...
  Loading: 700000/800000 molecules...
  Loading: 705000/800000 molecules...
  Loading: 710000/800000 molecules...
  Loading: 715000/800000 molecules...
  Loading: 720000/800000 molecules...
  Loading: 725000/800000 molecules...
  Loading: 730000/800000 molecules...
  Loading: 735000/800000 molecules...
  Loading: 740000/800000 molecules...
  Loading: 745000/800000 molecules...
  Loading: 750000/800000 molecules...
  Loading: 755000/800000 molecules...
  Loading: 760000/800000 molecules...
  Loading: 765000/800000 molecules...
  Loading: 770000/800000 molecules...
  Loading: 775000/800000 molecules...
  Loading: 780000/800000 molecules...
  Loading: 785000/800000 molecules...
  Loading: 790000/800000 molecules...
  Loading: 795000/800000 molecules...
Loaded 800000 graphs (skipped 0)
BDE data: 800000 molecules, mean=94.6, std=11.6
Train: 640000  Val: 80000  Test: 80000
Model: 894,584 trainable + 635,915 frozen
  spin_compact: 256->48 (bottleneck)
  spin_dropout: 0.2
  residual_gate init = 1.0000
Optimizer: GNN params=784,135 lr=0.0005, Spin params=110,449 lr=5e-05
E   0 BDE_tr=0.1841 sp_tr=0.0065 ch_tr=0.0081  va=0.1694 best=0.1694@0  gate=0.730  2min
E   1 BDE_tr=0.0860 sp_tr=0.0015 ch_tr=0.0020  va=0.0799 best=0.0799@1  gate=0.729  3min
E   2 BDE_tr=0.0714 sp_tr=0.0010 ch_tr=0.0015  va=0.0623 best=0.0623@2  gate=0.729  5min
E   3 BDE_tr=0.0619 sp_tr=0.0007 ch_tr=0.0012  va=0.0609 best=0.0609@3  gate=0.728  6min
E   4 BDE_tr=0.0554 sp_tr=0.0006 ch_tr=0.0011  va=0.0433 best=0.0433@4  gate=0.728  8min
E  25 BDE_tr=0.0328 sp_tr=0.0002 ch_tr=0.0004  va=0.0295 best=0.0295@25  gate=0.709  41min
E  50 BDE_tr=0.0281 sp_tr=0.0002 ch_tr=0.0003  va=0.0367 best=0.0238@39  gate=0.683  83min
E  75 BDE_tr=0.0257 sp_tr=0.0002 ch_tr=0.0003  va=0.0254 best=0.0238@39  gate=0.657  120min
E 100 BDE_tr=0.0233 sp_tr=0.0002 ch_tr=0.0003  va=0.0262 best=0.0238@39  gate=0.635  162min
E 125 BDE_tr=0.0230 sp_tr=0.0002 ch_tr=0.0003  va=0.0295 best=0.0231@112  gate=0.617  201min
E 150 BDE_tr=0.0211 sp_tr=0.0002 ch_tr=0.0003  va=0.0231 best=0.0208@143  gate=0.602  241min
E 175 BDE_tr=0.0201 sp_tr=0.0002 ch_tr=0.0002  va=0.0293 best=0.0206@157  gate=0.590  280min
E 200 BDE_tr=0.0190 sp_tr=0.0002 ch_tr=0.0002  va=0.0287 best=0.0206@157  gate=0.581  320min
E 225 BDE_tr=0.0181 sp_tr=0.0001 ch_tr=0.0002  va=0.0272 best=0.0206@157  gate=0.575  365min
E 250 BDE_tr=0.0172 sp_tr=0.0001 ch_tr=0.0002  va=0.0287 best=0.0206@157  gate=0.571  408min
E 275 BDE_tr=0.0171 sp_tr=0.0001 ch_tr=0.0002  va=0.0239 best=0.0206@157  gate=0.569  452min
E 300 BDE_tr=0.0162 sp_tr=0.0001 ch_tr=0.0002  va=0.0226 best=0.0202@278  gate=0.568  497min
E 325 BDE_tr=0.0163 sp_tr=0.0001 ch_tr=0.0002  va=0.0253 best=0.0202@278  gate=0.567  542min
E 350 BDE_tr=0.0157 sp_tr=0.0001 ch_tr=0.0002  va=0.0230 best=0.0202@278  gate=0.567  586min
E 375 BDE_tr=0.0157 sp_tr=0.0001 ch_tr=0.0002  va=0.0231 best=0.0202@278  gate=0.567  629min
Early stop at epoch 399

============================================================
Evaluating best model on test set...

============================================================
v5.1 TEST RESULTS (Bottleneck + Spin Dropout + Physical Features)
============================================================
MAE:           1.06 kcal/mol
RMSE:          1.64 kcal/mol
R^2:           0.9871
Best epoch:    278
Best val_loss: 0.020229
Residual gate: 0.5688
Spin dropout:  0.2
Bottleneck:    256->48
BDE range:     10-175 kcal/mol

